<?xml version="1.0" encoding="UTF-8"?>
<!-- Generated by org.testng.reporters.JUnitReportReporter -->
<testsuite skipped="0" hostname="RSI1508" name="br.com.rsinet.hub_TDD.projeto.PesquisaPelaLupaTest" tests="1" failures="0" timestamp="2020-01-15T10:02:40 BRT" time="2.563" errors="0">
  <testcase name="main" time="2.563" classname="br.com.rsinet.hub_TDD.projeto.PesquisaPelaLupaTest"/>
</testsuite> <!-- br.com.rsinet.hub_TDD.projeto.PesquisaPelaLupaTest -->
