<?xml version="1.0" encoding="UTF-8"?>
<!-- Generated by org.testng.reporters.JUnitReportReporter -->
<testsuite skipped="0" hostname="RSI1508" name="br.com.rsinet.hub_TDD.projeto.falha.CadastroDeUsuarioTestFalha" tests="1" failures="0" timestamp="2020-01-24T15:43:53 BRT" time="3.568" errors="0">
  <testcase name="cadastraUsuario" time="3.568" classname="br.com.rsinet.hub_TDD.projeto.falha.CadastroDeUsuarioTestFalha"/>
</testsuite> <!-- br.com.rsinet.hub_TDD.projeto.falha.CadastroDeUsuarioTestFalha -->
