<?xml version="1.0" encoding="UTF-8"?>
<!-- Generated by org.testng.reporters.JUnitReportReporter -->
<testsuite skipped="0" hostname="RSI1508" name="br.com.rsinet.hub_TDD.projeto.sucesso.BuscaDeProdutoHomePageTest" tests="1" failures="0" timestamp="2020-01-24T15:59:34 BRT" time="18.392" errors="0">
  <testcase name="test" time="18.392" classname="br.com.rsinet.hub_TDD.projeto.sucesso.BuscaDeProdutoHomePageTest"/>
</testsuite> <!-- br.com.rsinet.hub_TDD.projeto.sucesso.BuscaDeProdutoHomePageTest -->
