<?xml version="1.0" encoding="UTF-8"?>
<!-- Generated by org.testng.reporters.JUnitReportReporter -->
<testsuite skipped="0" hostname="RSI1508" name="br.com.rsinet.hub_TDD.projeto.falha.CadastroDeUsuarioTestFalha" tests="1" failures="0" timestamp="2020-01-16T13:01:51 BRT" time="12.352" errors="0">
  <testcase name="cadastraUsuario" time="12.352" classname="br.com.rsinet.hub_TDD.projeto.falha.CadastroDeUsuarioTestFalha"/>
</testsuite> <!-- br.com.rsinet.hub_TDD.projeto.falha.CadastroDeUsuarioTestFalha -->
