<?xml version="1.0" encoding="UTF-8"?>
<!-- Generated by org.testng.reporters.JUnitReportReporter -->
<testsuite skipped="0" hostname="RSI1508" name="br.com.rsinet.hub_TDD.projeto.sucesso.BuscaDeProdutoPelaTelaPrincipalTest" tests="1" failures="0" timestamp="2020-01-20T11:15:01 BRT" time="17.375" errors="0">
  <testcase name="test" time="17.375" classname="br.com.rsinet.hub_TDD.projeto.sucesso.BuscaDeProdutoPelaTelaPrincipalTest"/>
</testsuite> <!-- br.com.rsinet.hub_TDD.projeto.sucesso.BuscaDeProdutoPelaTelaPrincipalTest -->
