<?xml version="1.0" encoding="UTF-8"?>
<!-- Generated by org.testng.reporters.JUnitReportReporter -->
<testsuite skipped="0" hostname="RSI1508" name="br.com.rsinet.hub_TDD.projeto.sucesso.PesquisaPelaLupaTest" tests="1" failures="0" timestamp="2020-01-20T11:08:56 BRT" time="2.728" errors="0">
  <testcase name="main" time="2.728" classname="br.com.rsinet.hub_TDD.projeto.sucesso.PesquisaPelaLupaTest"/>
</testsuite> <!-- br.com.rsinet.hub_TDD.projeto.sucesso.PesquisaPelaLupaTest -->
