<?xml version="1.0" encoding="UTF-8"?>
<!-- Generated by org.testng.reporters.JUnitReportReporter -->
<testsuite skipped="0" hostname="RSI1508" name="br.com.rsinet.hub_TDD.projeto.sucesso.CadastroDeUsuarioTest" tests="1" failures="0" timestamp="2020-01-16T13:39:16 BRT" time="17.437" errors="0">
  <testcase name="test" time="17.437" classname="br.com.rsinet.hub_TDD.projeto.sucesso.CadastroDeUsuarioTest"/>
</testsuite> <!-- br.com.rsinet.hub_TDD.projeto.sucesso.CadastroDeUsuarioTest -->
