<?xml version="1.0" encoding="UTF-8"?>
<!-- Generated by org.testng.reporters.JUnitReportReporter -->
<testsuite skipped="0" hostname="RSI1508" name="br.com.rsinet.hub_TDD.projeto.falha.PesquisaPelaLupaTestFalha" tests="1" failures="0" timestamp="2020-01-20T15:16:38 BRT" time="13.337" errors="0">
  <testcase name="pesquisaPelaLupa" time="13.337" classname="br.com.rsinet.hub_TDD.projeto.falha.PesquisaPelaLupaTestFalha"/>
</testsuite> <!-- br.com.rsinet.hub_TDD.projeto.falha.PesquisaPelaLupaTestFalha -->
