<?xml version="1.0" encoding="UTF-8"?>
<!-- Generated by org.testng.reporters.JUnitReportReporter -->
<testsuite skipped="0" hostname="RSI1508" name="br.com.rsinet.hub_TDD.projeto.falha.CadastroDeUsuarioTestFalha1" tests="1" failures="0" timestamp="2020-01-20T11:58:51 BRT" time="17.438" errors="0">
  <testcase name="cadastraUsuario" time="17.438" classname="br.com.rsinet.hub_TDD.projeto.falha.CadastroDeUsuarioTestFalha1"/>
</testsuite> <!-- br.com.rsinet.hub_TDD.projeto.falha.CadastroDeUsuarioTestFalha1 -->
