<?xml version="1.0" encoding="UTF-8"?>
<!-- Generated by org.testng.reporters.JUnitReportReporter -->
<testsuite skipped="0" hostname="RSI1508" name="br.com.rsinet.hub_TDD.projeto.falha.BuscaDeProdutoPelaTelaPrincipalTestFalha" tests="1" failures="0" timestamp="2020-01-20T12:06:37 BRT" time="5.495" errors="0">
  <testcase name="compraLaptop" time="5.495" classname="br.com.rsinet.hub_TDD.projeto.falha.BuscaDeProdutoPelaTelaPrincipalTestFalha"/>
</testsuite> <!-- br.com.rsinet.hub_TDD.projeto.falha.BuscaDeProdutoPelaTelaPrincipalTestFalha -->
